<?xml version="1.0" encoding="UTF-8"?>
<testsuite xmlns:xsi="http://www.w3.org/2001/XMLSchema-instance" xsi:noNamespaceSchemaLocation="https://maven.apache.org/surefire/maven-surefire-plugin/xsd/surefire-test-report.xsd" name="it.unipd.mtss.AppTest" time="0.055" tests="1" errors="0" skipped="0" failures="0">
  <properties>
    <property name="sun.desktop" value="windows"/>
    <property name="awt.toolkit" value="sun.awt.windows.WToolkit"/>
    <property name="file.encoding.pkg" value="sun.io"/>
    <property name="java.specification.version" value="1.8"/>
    <property name="sun.cpu.isalist" value="amd64"/>
    <property name="sun.jnu.encoding" value="Cp1252"/>
    <property name="java.class.path" value="D:\UniPD - Informatica\Terzo anno\Secondo semestre\Metodi e tecnologie per lo sviluppo software\assignment-2-mtss\roman-number\target\test-classes;D:\UniPD - Informatica\Terzo anno\Secondo semestre\Metodi e tecnologie per lo sviluppo software\assignment-2-mtss\roman-number\target\classes;C:\Users\Utente\.m2\repository\junit\junit\4.11\junit-4.11.jar;C:\Users\Utente\.m2\repository\org\hamcrest\hamcrest-core\1.3\hamcrest-core-1.3.jar;"/>
    <property name="java.vm.vendor" value="Oracle Corporation"/>
    <property name="sun.arch.data.model" value="64"/>
    <property name="user.variant" value=""/>
    <property name="java.vendor.url" value="http://java.oracle.com/"/>
    <property name="user.timezone" value="Europe/Berlin"/>
    <property name="java.vm.specification.version" value="1.8"/>
    <property name="os.name" value="Windows 10"/>
    <property name="user.country" value="IT"/>
    <property name="sun.java.launcher" value="SUN_STANDARD"/>
    <property name="sun.boot.library.path" value="D:\Linguaggi\Java\jdk1.8.0_151\jre\bin"/>
    <property name="sun.java.command" value="C:\Users\Utente\AppData\Local\Temp\surefire1842922397157490065\surefirebooter6145379518996837547.jar C:\Users\Utente\AppData\Local\Temp\surefire1842922397157490065 2023-05-16T22-26-22_140-jvmRun1 surefire4734480884198677678tmp surefire_01784326842945010558tmp"/>
    <property name="surefire.test.class.path" value="D:\UniPD - Informatica\Terzo anno\Secondo semestre\Metodi e tecnologie per lo sviluppo software\assignment-2-mtss\roman-number\target\test-classes;D:\UniPD - Informatica\Terzo anno\Secondo semestre\Metodi e tecnologie per lo sviluppo software\assignment-2-mtss\roman-number\target\classes;C:\Users\Utente\.m2\repository\junit\junit\4.11\junit-4.11.jar;C:\Users\Utente\.m2\repository\org\hamcrest\hamcrest-core\1.3\hamcrest-core-1.3.jar;"/>
    <property name="sun.cpu.endian" value="little"/>
    <property name="user.home" value="C:\Users\Utente"/>
    <property name="user.language" value="it"/>
    <property name="java.specification.vendor" value="Oracle Corporation"/>
    <property name="java.home" value="D:\Linguaggi\Java\jdk1.8.0_151\jre"/>
    <property name="basedir" value="D:\UniPD - Informatica\Terzo anno\Secondo semestre\Metodi e tecnologie per lo sviluppo software\assignment-2-mtss\roman-number"/>
    <property name="file.separator" value="\"/>
    <property name="line.separator" value="&#10;"/>
    <property name="java.vm.specification.vendor" value="Oracle Corporation"/>
    <property name="java.specification.name" value="Java Platform API Specification"/>
    <property name="java.awt.graphicsenv" value="sun.awt.Win32GraphicsEnvironment"/>
    <property name="surefire.real.class.path" value="C:\Users\Utente\AppData\Local\Temp\surefire1842922397157490065\surefirebooter6145379518996837547.jar;C:\\Users\\Utente\\.m2\\repository\\org\\jacoco\\org.jacoco.agent\\0.8.6\\org.jacoco.agent-0.8.6-runtime.jar"/>
    <property name="sun.boot.class.path" value="D:\Linguaggi\Java\jdk1.8.0_151\jre\lib\resources.jar;D:\Linguaggi\Java\jdk1.8.0_151\jre\lib\rt.jar;D:\Linguaggi\Java\jdk1.8.0_151\jre\lib\sunrsasign.jar;D:\Linguaggi\Java\jdk1.8.0_151\jre\lib\jsse.jar;D:\Linguaggi\Java\jdk1.8.0_151\jre\lib\jce.jar;D:\Linguaggi\Java\jdk1.8.0_151\jre\lib\charsets.jar;D:\Linguaggi\Java\jdk1.8.0_151\jre\lib\jfr.jar;D:\Linguaggi\Java\jdk1.8.0_151\jre\classes"/>
    <property name="user.script" value=""/>
    <property name="sun.management.compiler" value="HotSpot 64-Bit Tiered Compilers"/>
    <property name="java.runtime.version" value="1.8.0_151-b12"/>
    <property name="user.name" value="Utente"/>
    <property name="path.separator" value=";"/>
    <property name="os.version" value="10.0"/>
    <property name="java.endorsed.dirs" value="D:\Linguaggi\Java\jdk1.8.0_151\jre\lib\endorsed"/>
    <property name="java.runtime.name" value="Java(TM) SE Runtime Environment"/>
    <property name="file.encoding" value="Cp1252"/>
    <property name="java.vm.name" value="Java HotSpot(TM) 64-Bit Server VM"/>
    <property name="localRepository" value="C:\Users\Utente\.m2\repository"/>
    <property name="java.vendor.url.bug" value="http://bugreport.sun.com/bugreport/"/>
    <property name="java.io.tmpdir" value="C:\Users\Utente\AppData\Local\Temp\"/>
    <property name="java.version" value="1.8.0_151"/>
    <property name="user.dir" value="D:\UniPD - Informatica\Terzo anno\Secondo semestre\Metodi e tecnologie per lo sviluppo software\assignment-2-mtss\roman-number"/>
    <property name="os.arch" value="amd64"/>
    <property name="java.vm.specification.name" value="Java Virtual Machine Specification"/>
    <property name="java.awt.printerjob" value="sun.awt.windows.WPrinterJob"/>
    <property name="sun.os.patch.level" value=""/>
    <property name="java.library.path" value="D:\Linguaggi\Java\jdk1.8.0_151\jre\bin;C:\WINDOWS\Sun\Java\bin;C:\WINDOWS\system32;C:\WINDOWS;D:\Linguaggi\Java\jdk-8.0.372.7-hotspot\bin;C:\windows\system32;C:\windows;C:\windows\System32\Wbem;C:\windows\System32\WindowsPowerShell\v1.0\;C:\windows\System32\OpenSSH\;C:\Program Files (x86)\NVIDIA Corporation\PhysX\Common;C:\Program Files\NVIDIA Corporation\NVIDIA NvDLISR;C:\WINDOWS\system32;C:\WINDOWS;C:\WINDOWS\System32\Wbem;C:\WINDOWS\System32\WindowsPowerShell\v1.0\;C:\WINDOWS\System32\OpenSSH\;C:\Program Files\Dart\dart-sdk\bin;C:\xampp\php;C:\ProgramData\ComposerSetup\bin;D:\Linguaggi\MinGW64\bin;D:\Applicazioni\TortoiseHg\;D:\Linguaggi\Java\jdk-17.0.2\bin;D:\Applicazioni\MikTex\miktex\bin\x64;C:\Program Files\dotnet\;D:\Applicazioni\Strawberry\c\bin;D:\Applicazioni\Strawberry\perl\site\bin;D:\Applicazioni\Strawberry\perl\bin;D:\Applicazioni\PuTTY\;D:\Applicazioni\Git\cmd;D:\Linguaggi\Python\Python39\Scripts\;C:\Users\Utente\AppData\Local\Microsoft\WindowsApps;D:\Linguaggi\flutter\bin;D:\Linguaggi\flutter\bin\cache\dart-sdk\bin;C:\Users\Utente\AppData\Roaming\Composer\vendor\bin;D:\Informatica\apache-maven-3.6.3\bin;D:\Linguaggi\MinGW64\bin;D:\Applicazioni\PostgreSQL\14\bin;D:\Applicazioni\PostgreSQL\14\lib;D:\Applicazioni\MikTex\executables\windows-x64\biber;D:\Applicazioni\Microsoft VS Code\bin;D:\Applicazioni\MiKTeX\miktex\bin\x64\;D:\Applicazioni\Maven\bin;;."/>
    <property name="java.vm.info" value="mixed mode"/>
    <property name="java.vendor" value="Oracle Corporation"/>
    <property name="java.vm.version" value="25.151-b12"/>
    <property name="java.ext.dirs" value="D:\Linguaggi\Java\jdk1.8.0_151\jre\lib\ext;C:\WINDOWS\Sun\Java\lib\ext"/>
    <property name="sun.io.unicode.encoding" value="UnicodeLittle"/>
    <property name="java.class.version" value="52.0"/>
  </properties>
  <testcase name="shouldAnswerWithTrue" classname="it.unipd.mtss.AppTest" time="0.003"/>
</testsuite>